<?xml version="1.0" encoding="UTF-8"?>
<!-- Generated by org.testng.reporters.JUnitReportReporter -->
<testsuite hostname="DESKTOP-9BAS117" failures="0" tests="1" name="TestLayer.LoginPageTest" time="8.241" errors="0" timestamp="2023-03-02T15:10:00 IST" skipped="0">
  <testcase classname="TestLayer.LoginPageTest" name="loginfunctionality" time="8.241"/>
  <system-out/>
</testsuite> <!-- TestLayer.LoginPageTest -->
